[1734970937.640][INFO]: Starting ChromeDriver 131.0.6778.204 (52183f9e99a61056f9b78535f53d256f1516f2a0-refs/branch-heads/6778_155@{#7}) on port 27171
[1734970937.641][INFO]: Please see https://chromedriver.chromium.org/security-considerations for suggestions on keeping ChromeDriver safe.
[1734970937.644][INFO]: ChromeDriver was started successfully on port 27171
[1734970937.752][INFO]: [2b0a3ce7f52815e1ac5ee1fd0e427e4a] COMMAND InitSession {
   "capabilities": {
      "firstMatch": [ {
         "browserName": "chrome",
         "goog:chromeOptions": {
            "args": [ "--remote-allow-origins=*" ],
            "binary": "C:\\Program Files\\Google\\Chrome\\Application\\chrome.exe",
            "extensions": [  ]
         },
         "goog:loggingPrefs": {
            "browser": "ALL",
            "driver": "ALL"
         }
      } ]
   }
}
[1734970937.753][INFO]: Populating Preferences file: {
   "alternate_error_pages": {
      "enabled": false
   },
   "autofill": {
      "enabled": false
   },
   "browser": {
      "check_default_browser": false
   },
   "distribution": {
      "import_bookmarks": false,
      "import_history": false,
      "import_search_engine": false,
      "make_chrome_default_for_user": false,
      "skip_first_run_ui": true
   },
   "dns_prefetching": {
      "enabled": false
   },
   "profile": {
      "content_settings": {
         "pattern_pairs": {
            "https://*,*": {
               "media-stream": {
                  "audio": "Default",
                  "video": "Default"
               }
            }
         }
      },
      "default_content_setting_values": {
         "geolocation": 1
      },
      "default_content_settings": {
         "geolocation": 1,
         "mouselock": 1,
         "notifications": 1,
         "popups": 1,
         "ppapi-broker": 1
      },
      "password_manager_enabled": false
   },
   "safebrowsing": {
      "enabled": false
   },
   "search": {
      "suggest_enabled": false
   },
   "translate": {
      "enabled": false
   }
}
[1734970937.754][INFO]: Populating Local State file: {
   "background_mode": {
      "enabled": false
   },
   "ssl": {
      "rev_checking": {
         "enabled": false
      }
   }
}
[1734970937.756][INFO]: ChromeDriver supports communication with Chrome via pipes. This is more reliable and more secure.
[1734970937.756][INFO]: Use the --remote-debugging-pipe Chrome switch instead of the default --remote-debugging-port to enable this communication mode.
[1734970937.757][INFO]: Launching chrome: "C:\Program Files\Google\Chrome\Application\chrome.exe" --allow-pre-commit-input --disable-background-networking --disable-backgrounding-occluded-windows --disable-client-side-phishing-detection --disable-default-apps --disable-hang-monitor --disable-popup-blocking --disable-prompt-on-repost --disable-sync --enable-automation --enable-logging --log-level=0 --no-first-run --no-service-autorun --password-store=basic --remote-allow-origins=* --remote-debugging-port=0 --test-type=webdriver --use-mock-keychain --user-data-dir="C:\Users\vrushali\AppData\Local\Temp\scoped_dir23968_795465516" data:,
[1734970938.294][INFO]: resolved localhost to ["::1","127.0.0.1"]
[1734970938.315][INFO]: [2b0a3ce7f52815e1ac5ee1fd0e427e4a] RESPONSE InitSession {
   "capabilities": {
      "acceptInsecureCerts": false,
      "browserName": "chrome",
      "browserVersion": "131.0.6778.205",
      "chrome": {
         "chromedriverVersion": "131.0.6778.204 (52183f9e99a61056f9b78535f53d256f1516f2a0-refs/branch-heads/6778_155@{#7})",
         "userDataDir": "C:\\Users\\vrushali\\AppData\\Local\\Temp\\scoped_dir23968_795465516"
      },
      "fedcm:accounts": true,
      "goog:chromeOptions": {
         "debuggerAddress": "localhost:57856"
      },
      "networkConnectionEnabled": false,
      "pageLoadStrategy": "normal",
      "platformName": "windows",
      "proxy": {
      },
      "setWindowRect": true,
      "strictFileInteractability": false,
      "timeouts": {
         "implicit": 0,
         "pageLoad": 300000,
         "script": 30000
      },
      "unhandledPromptBehavior": "dismiss and notify",
      "webauthn:extension:credBlob": true,
      "webauthn:extension:largeBlob": true,
      "webauthn:extension:minPinLength": true,
      "webauthn:extension:prf": true,
      "webauthn:virtualAuthenticators": true
   },
   "sessionId": "2b0a3ce7f52815e1ac5ee1fd0e427e4a"
}
[1734970938.398][INFO]: [2b0a3ce7f52815e1ac5ee1fd0e427e4a] COMMAND MaximizeWindow {
}
[1734970938.398][INFO]: Waiting for pending navigations...
[1734970938.401][INFO]: Done waiting for pending navigations. Status: ok
[1734970938.427][INFO]: Waiting for pending navigations...
[1734970938.428][INFO]: Done waiting for pending navigations. Status: ok
[1734970938.428][INFO]: [2b0a3ce7f52815e1ac5ee1fd0e427e4a] RESPONSE MaximizeWindow {
   "height": 832,
   "width": 1552,
   "x": -8,
   "y": -8
}
[1734970938.447][INFO]: [2b0a3ce7f52815e1ac5ee1fd0e427e4a] COMMAND Navigate {
   "url": "https://docs.google.com/forms/d/e/1FAIpQLSep9LTMntH5YqIXa5nkiPKSs283kdwitBBhXWyZdAS-e4CxBQ/viewform"
}
[1734970938.447][INFO]: Waiting for pending navigations...
[1734970938.448][INFO]: Done waiting for pending navigations. Status: ok
[1734970939.273][INFO]: Waiting for pending navigations...
[1734970939.687][INFO]: Done waiting for pending navigations. Status: ok
[1734970939.687][INFO]: [2b0a3ce7f52815e1ac5ee1fd0e427e4a] RESPONSE Navigate
[1734970944.701][INFO]: [2b0a3ce7f52815e1ac5ee1fd0e427e4a] COMMAND FindElement {
   "using": "xpath",
   "value": "(//input[@type='text'])[1]"
}
[1734970944.701][INFO]: Waiting for pending navigations...
[1734970944.701][INFO]: Done waiting for pending navigations. Status: ok
[1734970944.708][INFO]: Waiting for pending navigations...
[1734970944.708][INFO]: Done waiting for pending navigations. Status: ok
[1734970944.708][INFO]: [2b0a3ce7f52815e1ac5ee1fd0e427e4a] RESPONSE FindElement {
   "element-6066-11e4-a52e-4f735466cecf": "f.D96B5D8761ABAAD0E316102D4E84BE3B.d.AA1D05DE799CFDFE94738BD7421545D7.e.4"
}
[1734970944.715][INFO]: [2b0a3ce7f52815e1ac5ee1fd0e427e4a] COMMAND TypeElement {
   "id": "f.D96B5D8761ABAAD0E316102D4E84BE3B.d.AA1D05DE799CFDFE94738BD7421545D7.e.4",
   "text": "Crio Learner",
   "value": [ "C", "r", "i", "o", " ", "L", "e", "a", "r", "n", "e", "r" ]
}
[1734970944.715][INFO]: Waiting for pending navigations...
[1734970944.716][INFO]: Done waiting for pending navigations. Status: ok
[1734970944.789][INFO]: Waiting for pending navigations...
[1734970944.790][INFO]: Done waiting for pending navigations. Status: ok
[1734970944.790][INFO]: [2b0a3ce7f52815e1ac5ee1fd0e427e4a] RESPONSE TypeElement
[1734970945.813][INFO]: [2b0a3ce7f52815e1ac5ee1fd0e427e4a] COMMAND FindElement {
   "using": "xpath",
   "value": "//textarea[contains(@class, 'tL9Q4c')]"
}
[1734970945.813][INFO]: Waiting for pending navigations...
[1734970945.814][INFO]: Done waiting for pending navigations. Status: ok
[1734970945.825][INFO]: Waiting for pending navigations...
[1734970945.826][INFO]: Done waiting for pending navigations. Status: ok
[1734970945.826][INFO]: [2b0a3ce7f52815e1ac5ee1fd0e427e4a] RESPONSE FindElement {
   "element-6066-11e4-a52e-4f735466cecf": "f.D96B5D8761ABAAD0E316102D4E84BE3B.d.AA1D05DE799CFDFE94738BD7421545D7.e.6"
}
[1734970945.836][INFO]: [2b0a3ce7f52815e1ac5ee1fd0e427e4a] COMMAND TypeElement {
   "id": "f.D96B5D8761ABAAD0E316102D4E84BE3B.d.AA1D05DE799CFDFE94738BD7421545D7.e.6",
   "text": "I want to be the best QA Engineer! 1734970945",
   "value": [ "I", " ", "w", "a", "n", "t", " ", "t", "o", " ", "b", "e", " ", "t", "h", "e", " ", "b", "e", "s", "t", " ", "Q", "A", " ", "E", "n", "g", "i", "n", "e", "e", "r", "!", " ", "1", "7", "3", "4", "9", "7", "0", "9", "4", "5" ]
}
[1734970945.836][INFO]: Waiting for pending navigations...
[1734970945.837][INFO]: Done waiting for pending navigations. Status: ok
[1734970945.944][INFO]: Waiting for pending navigations...
[1734970945.958][INFO]: Done waiting for pending navigations. Status: ok
[1734970945.958][INFO]: [2b0a3ce7f52815e1ac5ee1fd0e427e4a] RESPONSE TypeElement
[1734970946.978][INFO]: [2b0a3ce7f52815e1ac5ee1fd0e427e4a] COMMAND FindElement {
   "using": "xpath",
   "value": "//div[@role='radio' and @aria-label='0 - 2']"
}
[1734970946.978][INFO]: Waiting for pending navigations...
[1734970946.979][INFO]: Done waiting for pending navigations. Status: ok
[1734970946.989][INFO]: Waiting for pending navigations...
[1734970946.990][INFO]: Done waiting for pending navigations. Status: ok
[1734970946.990][INFO]: [2b0a3ce7f52815e1ac5ee1fd0e427e4a] RESPONSE FindElement {
   "element-6066-11e4-a52e-4f735466cecf": "f.D96B5D8761ABAAD0E316102D4E84BE3B.d.AA1D05DE799CFDFE94738BD7421545D7.e.24"
}
[1734970946.996][INFO]: [2b0a3ce7f52815e1ac5ee1fd0e427e4a] COMMAND ClickElement {
   "id": "f.D96B5D8761ABAAD0E316102D4E84BE3B.d.AA1D05DE799CFDFE94738BD7421545D7.e.24"
}
[1734970946.996][INFO]: Waiting for pending navigations...
[1734970946.997][INFO]: Done waiting for pending navigations. Status: ok
[1734970947.065][INFO]: Waiting for pending navigations...
[1734970947.068][INFO]: Done waiting for pending navigations. Status: ok
[1734970947.068][INFO]: [2b0a3ce7f52815e1ac5ee1fd0e427e4a] RESPONSE ClickElement
[1734970948.085][INFO]: [2b0a3ce7f52815e1ac5ee1fd0e427e4a] COMMAND FindElement {
   "using": "xpath",
   "value": "//label[.//span[contains(text(), 'Java')]]//div[@role='checkbox']"
}
[1734970948.085][INFO]: Waiting for pending navigations...
[1734970948.086][INFO]: Done waiting for pending navigations. Status: ok
[1734970948.097][INFO]: Waiting for pending navigations...
[1734970948.097][INFO]: Done waiting for pending navigations. Status: ok
[1734970948.097][INFO]: [2b0a3ce7f52815e1ac5ee1fd0e427e4a] RESPONSE FindElement {
   "element-6066-11e4-a52e-4f735466cecf": "f.D96B5D8761ABAAD0E316102D4E84BE3B.d.AA1D05DE799CFDFE94738BD7421545D7.e.26"
}
[1734970948.110][INFO]: [2b0a3ce7f52815e1ac5ee1fd0e427e4a] COMMAND ExecuteScript {
   "args": [ {
      "element-6066-11e4-a52e-4f735466cecf": "f.D96B5D8761ABAAD0E316102D4E84BE3B.d.AA1D05DE799CFDFE94738BD7421545D7.e.26"
   }, "aria-checked" ],
   "script": "/* getAttribute */return (function(){return (function(){var d=this||self;function f(a,b){function c(){}c.prototype=b.prototype;a.prototype=new c;a.prototype.constructor=a};var h=Array.prototype.indexOf?function(a,b){return Array.prototype.indexOf.call(a,b,void 0)}:function(a,b){if(\"string\"===typeof a)return\"string\"!==typeof b||1!=b.length?-1:a.indexOf(b,0);for(var c=0;c\u003Ca.length;c++)if(c in a&&a[c]===b)return c;return-1},k=Array.prototype.forEach?function(a,b){Array.prototype.forEach.call(a,b,void 0)}:function(a,b){for(var c=a.length,e=\"string\"===typeof a?a.split(\"\"):a,g=0;g\u003Cc;g++)g in e&&b.call(void 0,e[g],g,a)};function l(a,b){this.code=a;this.a=m[a]||n;this.message=b||\"\";a=this.a.replace(/((?:^|\\s+)[a-z])/g,function(c){return c.toUpperCase().replace(/^[\\s\\xa0]+/g,\"\")});b=a.length-5;if(0>b||a.indexOf(\"Error\",b)!=b)a+=\"Error\";this.name=a;a=Error(this.message);a.name=this.name;this.stack=a.stack||\"\"}f(l,Error);var n=\"unknown error\",m={15:\"element not selectable\",11:\"element not visible\"};m[31]=n;m[30]=n;m[24]=\"invalid cookie domain\";m[29]=\"invalid element coordinates\";m[12]=\"invalid element state\";m[32]=\"invalid selector\";\nm[51]=\"invalid selector\";m[52]=\"invalid selector\";m[17]=\"javascript error\";m[405]=\"unsupported operation\";m[34]=\"move target out of bounds\";m[27]=\"no such alert\";m[7]=\"no such element\";m[8]=\"no such frame\";m[23]=\"no such window\";m[28]=\"script timeout\";m[33]=\"session not created\";m[10]=\"stale element reference\";m[21]=\"timeout\";m[25]=\"unable to set cookie\";m[26]=\"unexpected alert open\";m[13]=n;m[9]=\"unknown command\";var p;a:{var q=d.navigator;if(q){var r=q.userAgent;if(r){p=r;break a}}p=\"\"}function t(a){return-1!=p.indexOf(a)};function u(){return t(\"Firefox\")||t(\"FxiOS\")}function v(){return(t(\"Chrome\")||t(\"CriOS\"))&&!t(\"Edge\")};function w(){return t(\"iPhone\")&&!t(\"iPod\")&&!t(\"iPad\")};var y=t(\"Opera\"),z=t(\"Trident\")||t(\"MSIE\"),A=t(\"Edge\"),B=t(\"Gecko\")&&!(-1!=p.toLowerCase().indexOf(\"webkit\")&&!t(\"Edge\"))&&!(t(\"Trident\")||t(\"MSIE\"))&&!t(\"Edge\"),C=-1!=p.toLowerCase().indexOf(\"webkit\")&&!t(\"Edge\");function D(){var a=d.document;return a?a.documentMode:void 0}var E;\na:{var F=\"\",G=function(){var a=p;if(B)return/rv:([^\\);]+)(\\)|;)/.exec(a);if(A)return/Edge\\/([\\d\\.]+)/.exec(a);if(z)return/\\b(?:MSIE|rv)[: ]([^\\);]+)(\\)|;)/.exec(a);if(C)return/WebKit\\/(\\S+)/.exec(a);if(y)return/(?:Version)[ \\/]?(\\S+)/.exec(a)}();G&&(F=G?G[1]:\"\");if(z){var H=D();if(null!=H&&H>parseFloat(F)){E=String(H);break a}}E=F}var I;I=d.document&&z?D():void 0;var J=u(),K=w()||t(\"iPod\"),L=t(\"iPad\"),M=t(\"Android\")&&!(v()||u()||t(\"Opera\")||t(\"Silk\")),N=v(),aa=t(\"Safari\")&&!(v()||t(\"Coast\")||t(\"Opera\")||t(\"Edge\")||t(\"Edg/\")||t(\"OPR\")||u()||t(\"Silk\")||t(\"Android\"))&&!(w()||t(\"iPad\")||t(\"iPod\"));function O(a){return(a=a.exec(p))?a[1]:\"\"}(function(){if(J)return O(/Firefox\\/([0-9.]+)/);if(z||A||y)return E;if(N)return w()||t(\"iPad\")||t(\"iPod\")?O(/CriOS\\/([0-9.]+)/):O(/Chrome\\/([0-9.]+)/);if(aa&&!(w()||t(\"iPad\")||t(\"iPod\")))return O(/Version\\/([0-9.]+)/);if(K||L){var a=/Version\\/(\\S+).*Mobile\\/(\\S+)/.exec(p);if(a)return a[1]+\".\"+a[2]}else if(M)return(a=O(/Android\\s+([0-9.]+)/))?a:O(/Version\\/([0-9.]+)/);return\"\"})();var P=z&&!(8\u003C=Number(I)),ba=z&&!(9\u003C=Number(I));var ca={SCRIPT:1,STYLE:1,HEAD:1,IFRAME:1,OBJECT:1},Q={IMG:\" \",BR:\"\\n\"};function R(a,b,c){if(!(a.nodeName in ca))if(3==a.nodeType)c?b.push(String(a.nodeValue).replace(/(\\r\\n|\\r|\\n)/g,\"\")):b.push(a.nodeValue);else if(a.nodeName in Q)b.push(Q[a.nodeName]);else for(a=a.firstChild;a;)R(a,b,c),a=a.nextSibling};function S(a,b){b=b.toLowerCase();return\"style\"==b?da(a.style.cssText):P&&\"value\"==b&&T(a,\"INPUT\")?a.value:ba&&!0===a[b]?String(a.getAttribute(b)):(a=a.getAttributeNode(b))&&a.specified?a.value:null}var ea=/[;]+(?=(?:(?:[^\"]*\"){2})*[^\"]*$)(?=(?:(?:[^']*'){2})*[^']*$)(?=(?:[^()]*\\([^()]*\\))*[^()]*$)/;\nfunction da(a){var b=[];k(a.split(ea),function(c){var e=c.indexOf(\":\");0\u003Ce&&(c=[c.slice(0,e),c.slice(e+1)],2==c.length&&b.push(c[0].toLowerCase(),\":\",c[1],\";\"))});b=b.join(\"\");return b=\";\"==b.charAt(b.length-1)?b:b+\";\"}function U(a,b){P&&\"value\"==b&&T(a,\"OPTION\")&&null===S(a,\"value\")?(b=[],R(a,b,!1),a=b.join(\"\")):a=a[b];return a}\nfunction T(a,b){b&&\"string\"!==typeof b&&(b=b.toString());return a instanceof HTMLFormElement?!!a&&1==a.nodeType&&(!b||\"FORM\"==b):!!a&&1==a.nodeType&&(!b||a.tagName.toUpperCase()==b)}function V(a){return T(a,\"OPTION\")?!0:T(a,\"INPUT\")?(a=a.type.toLowerCase(),\"checkbox\"==a||\"radio\"==a):!1};var fa={\"class\":\"className\",readonly:\"readOnly\"},ha=\"allowfullscreen allowpaymentrequest allowusermedia async autofocus autoplay checked compact complete controls declare default defaultchecked defaultselected defer disabled ended formnovalidate hidden indeterminate iscontenteditable ismap itemscope loop multiple muted nohref nomodule noresize noshade novalidate nowrap open paused playsinline pubdate readonly required reversed scoped seamless seeking selected truespeed typemustmatch willvalidate\".split(\" \");function W(a,b){var c=null,e=b.toLowerCase();if(\"style\"==e)return(c=a.style)&&\"string\"!=typeof c&&(c=c.cssText),c;if((\"selected\"==e||\"checked\"==e)&&V(a)){if(!V(a))throw new l(15,\"Element is not selectable\");b=\"selected\";c=a.type&&a.type.toLowerCase();if(\"checkbox\"==c||\"radio\"==c)b=\"checked\";return U(a,b)?\"true\":null}var g=T(a,\"A\");if(T(a,\"IMG\")&&\"src\"==e||g&&\"href\"==e)return(c=S(a,e))&&(c=U(a,e)),c;if(\"spellcheck\"==e){c=S(a,e);if(null!==c){if(\"false\"==c.toLowerCase())return\"false\";if(\"true\"==c.toLowerCase())return\"true\"}return U(a,\ne)+\"\"}g=fa[b]||b;if(0\u003C=h(ha,e))return(c=null!==S(a,b)||U(a,g))?\"true\":null;try{var x=U(a,g)}catch(ia){}(e=null==x)||(e=typeof x,e=\"object\"==e&&null!=x||\"function\"==e);e?c=S(a,b):c=x;return null!=c?c.toString():null}var X=[\"_\"],Y=d;X[0]in Y||\"undefined\"==typeof Y.execScript||Y.execScript(\"var \"+X[0]);for(var Z;X.length&&(Z=X.shift());)X.length||void 0===W?Y[Z]&&Y[Z]!==Object.prototype[Z]?Y=Y[Z]:Y=Y[Z]={}:Y[Z]=W;; return this._.apply(null,arguments);}).apply({navigator:typeof window!='undefined'?window.navigator:null,document:typeof window!='undefined'?window.document:null}, arguments);}\n).apply(null, arguments);"
}
[1734970948.110][INFO]: Waiting for pending navigations...
[1734970948.112][INFO]: Done waiting for pending navigations. Status: ok
[1734970948.119][INFO]: Waiting for pending navigations...
[1734970948.120][INFO]: Done waiting for pending navigations. Status: ok
[1734970948.120][INFO]: [2b0a3ce7f52815e1ac5ee1fd0e427e4a] RESPONSE ExecuteScript "false"
[1734970948.124][INFO]: [2b0a3ce7f52815e1ac5ee1fd0e427e4a] COMMAND ClickElement {
   "id": "f.D96B5D8761ABAAD0E316102D4E84BE3B.d.AA1D05DE799CFDFE94738BD7421545D7.e.26"
}
[1734970948.124][INFO]: Waiting for pending navigations...
[1734970948.125][INFO]: Done waiting for pending navigations. Status: ok
[1734970948.173][INFO]: Waiting for pending navigations...
[1734970948.173][INFO]: Done waiting for pending navigations. Status: ok
[1734970948.173][INFO]: [2b0a3ce7f52815e1ac5ee1fd0e427e4a] RESPONSE ClickElement
[1734970950.188][INFO]: [2b0a3ce7f52815e1ac5ee1fd0e427e4a] COMMAND FindElement {
   "using": "xpath",
   "value": "//label[.//span[contains(text(), 'Selenium')]]//div[@role='checkbox']"
}
[1734970950.188][INFO]: Waiting for pending navigations...
[1734970950.190][INFO]: Done waiting for pending navigations. Status: ok
[1734970950.198][INFO]: Waiting for pending navigations...
[1734970950.199][INFO]: Done waiting for pending navigations. Status: ok
[1734970950.199][INFO]: [2b0a3ce7f52815e1ac5ee1fd0e427e4a] RESPONSE FindElement {
   "element-6066-11e4-a52e-4f735466cecf": "f.D96B5D8761ABAAD0E316102D4E84BE3B.d.AA1D05DE799CFDFE94738BD7421545D7.e.27"
}
[1734970950.203][INFO]: [2b0a3ce7f52815e1ac5ee1fd0e427e4a] COMMAND ExecuteScript {
   "args": [ {
      "element-6066-11e4-a52e-4f735466cecf": "f.D96B5D8761ABAAD0E316102D4E84BE3B.d.AA1D05DE799CFDFE94738BD7421545D7.e.27"
   }, "aria-checked" ],
   "script": "/* getAttribute */return (function(){return (function(){var d=this||self;function f(a,b){function c(){}c.prototype=b.prototype;a.prototype=new c;a.prototype.constructor=a};var h=Array.prototype.indexOf?function(a,b){return Array.prototype.indexOf.call(a,b,void 0)}:function(a,b){if(\"string\"===typeof a)return\"string\"!==typeof b||1!=b.length?-1:a.indexOf(b,0);for(var c=0;c\u003Ca.length;c++)if(c in a&&a[c]===b)return c;return-1},k=Array.prototype.forEach?function(a,b){Array.prototype.forEach.call(a,b,void 0)}:function(a,b){for(var c=a.length,e=\"string\"===typeof a?a.split(\"\"):a,g=0;g\u003Cc;g++)g in e&&b.call(void 0,e[g],g,a)};function l(a,b){this.code=a;this.a=m[a]||n;this.message=b||\"\";a=this.a.replace(/((?:^|\\s+)[a-z])/g,function(c){return c.toUpperCase().replace(/^[\\s\\xa0]+/g,\"\")});b=a.length-5;if(0>b||a.indexOf(\"Error\",b)!=b)a+=\"Error\";this.name=a;a=Error(this.message);a.name=this.name;this.stack=a.stack||\"\"}f(l,Error);var n=\"unknown error\",m={15:\"element not selectable\",11:\"element not visible\"};m[31]=n;m[30]=n;m[24]=\"invalid cookie domain\";m[29]=\"invalid element coordinates\";m[12]=\"invalid element state\";m[32]=\"invalid selector\";\nm[51]=\"invalid selector\";m[52]=\"invalid selector\";m[17]=\"javascript error\";m[405]=\"unsupported operation\";m[34]=\"move target out of bounds\";m[27]=\"no such alert\";m[7]=\"no such element\";m[8]=\"no such frame\";m[23]=\"no such window\";m[28]=\"script timeout\";m[33]=\"session not created\";m[10]=\"stale element reference\";m[21]=\"timeout\";m[25]=\"unable to set cookie\";m[26]=\"unexpected alert open\";m[13]=n;m[9]=\"unknown command\";var p;a:{var q=d.navigator;if(q){var r=q.userAgent;if(r){p=r;break a}}p=\"\"}function t(a){return-1!=p.indexOf(a)};function u(){return t(\"Firefox\")||t(\"FxiOS\")}function v(){return(t(\"Chrome\")||t(\"CriOS\"))&&!t(\"Edge\")};function w(){return t(\"iPhone\")&&!t(\"iPod\")&&!t(\"iPad\")};var y=t(\"Opera\"),z=t(\"Trident\")||t(\"MSIE\"),A=t(\"Edge\"),B=t(\"Gecko\")&&!(-1!=p.toLowerCase().indexOf(\"webkit\")&&!t(\"Edge\"))&&!(t(\"Trident\")||t(\"MSIE\"))&&!t(\"Edge\"),C=-1!=p.toLowerCase().indexOf(\"webkit\")&&!t(\"Edge\");function D(){var a=d.document;return a?a.documentMode:void 0}var E;\na:{var F=\"\",G=function(){var a=p;if(B)return/rv:([^\\);]+)(\\)|;)/.exec(a);if(A)return/Edge\\/([\\d\\.]+)/.exec(a);if(z)return/\\b(?:MSIE|rv)[: ]([^\\);]+)(\\)|;)/.exec(a);if(C)return/WebKit\\/(\\S+)/.exec(a);if(y)return/(?:Version)[ \\/]?(\\S+)/.exec(a)}();G&&(F=G?G[1]:\"\");if(z){var H=D();if(null!=H&&H>parseFloat(F)){E=String(H);break a}}E=F}var I;I=d.document&&z?D():void 0;var J=u(),K=w()||t(\"iPod\"),L=t(\"iPad\"),M=t(\"Android\")&&!(v()||u()||t(\"Opera\")||t(\"Silk\")),N=v(),aa=t(\"Safari\")&&!(v()||t(\"Coast\")||t(\"Opera\")||t(\"Edge\")||t(\"Edg/\")||t(\"OPR\")||u()||t(\"Silk\")||t(\"Android\"))&&!(w()||t(\"iPad\")||t(\"iPod\"));function O(a){return(a=a.exec(p))?a[1]:\"\"}(function(){if(J)return O(/Firefox\\/([0-9.]+)/);if(z||A||y)return E;if(N)return w()||t(\"iPad\")||t(\"iPod\")?O(/CriOS\\/([0-9.]+)/):O(/Chrome\\/([0-9.]+)/);if(aa&&!(w()||t(\"iPad\")||t(\"iPod\")))return O(/Version\\/([0-9.]+)/);if(K||L){var a=/Version\\/(\\S+).*Mobile\\/(\\S+)/.exec(p);if(a)return a[1]+\".\"+a[2]}else if(M)return(a=O(/Android\\s+([0-9.]+)/))?a:O(/Version\\/([0-9.]+)/);return\"\"})();var P=z&&!(8\u003C=Number(I)),ba=z&&!(9\u003C=Number(I));var ca={SCRIPT:1,STYLE:1,HEAD:1,IFRAME:1,OBJECT:1},Q={IMG:\" \",BR:\"\\n\"};function R(a,b,c){if(!(a.nodeName in ca))if(3==a.nodeType)c?b.push(String(a.nodeValue).replace(/(\\r\\n|\\r|\\n)/g,\"\")):b.push(a.nodeValue);else if(a.nodeName in Q)b.push(Q[a.nodeName]);else for(a=a.firstChild;a;)R(a,b,c),a=a.nextSibling};function S(a,b){b=b.toLowerCase();return\"style\"==b?da(a.style.cssText):P&&\"value\"==b&&T(a,\"INPUT\")?a.value:ba&&!0===a[b]?String(a.getAttribute(b)):(a=a.getAttributeNode(b))&&a.specified?a.value:null}var ea=/[;]+(?=(?:(?:[^\"]*\"){2})*[^\"]*$)(?=(?:(?:[^']*'){2})*[^']*$)(?=(?:[^()]*\\([^()]*\\))*[^()]*$)/;\nfunction da(a){var b=[];k(a.split(ea),function(c){var e=c.indexOf(\":\");0\u003Ce&&(c=[c.slice(0,e),c.slice(e+1)],2==c.length&&b.push(c[0].toLowerCase(),\":\",c[1],\";\"))});b=b.join(\"\");return b=\";\"==b.charAt(b.length-1)?b:b+\";\"}function U(a,b){P&&\"value\"==b&&T(a,\"OPTION\")&&null===S(a,\"value\")?(b=[],R(a,b,!1),a=b.join(\"\")):a=a[b];return a}\nfunction T(a,b){b&&\"string\"!==typeof b&&(b=b.toString());return a instanceof HTMLFormElement?!!a&&1==a.nodeType&&(!b||\"FORM\"==b):!!a&&1==a.nodeType&&(!b||a.tagName.toUpperCase()==b)}function V(a){return T(a,\"OPTION\")?!0:T(a,\"INPUT\")?(a=a.type.toLowerCase(),\"checkbox\"==a||\"radio\"==a):!1};var fa={\"class\":\"className\",readonly:\"readOnly\"},ha=\"allowfullscreen allowpaymentrequest allowusermedia async autofocus autoplay checked compact complete controls declare default defaultchecked defaultselected defer disabled ended formnovalidate hidden indeterminate iscontenteditable ismap itemscope loop multiple muted nohref nomodule noresize noshade novalidate nowrap open paused playsinline pubdate readonly required reversed scoped seamless seeking selected truespeed typemustmatch willvalidate\".split(\" \");function W(a,b){var c=null,e=b.toLowerCase();if(\"style\"==e)return(c=a.style)&&\"string\"!=typeof c&&(c=c.cssText),c;if((\"selected\"==e||\"checked\"==e)&&V(a)){if(!V(a))throw new l(15,\"Element is not selectable\");b=\"selected\";c=a.type&&a.type.toLowerCase();if(\"checkbox\"==c||\"radio\"==c)b=\"checked\";return U(a,b)?\"true\":null}var g=T(a,\"A\");if(T(a,\"IMG\")&&\"src\"==e||g&&\"href\"==e)return(c=S(a,e))&&(c=U(a,e)),c;if(\"spellcheck\"==e){c=S(a,e);if(null!==c){if(\"false\"==c.toLowerCase())return\"false\";if(\"true\"==c.toLowerCase())return\"true\"}return U(a,\ne)+\"\"}g=fa[b]||b;if(0\u003C=h(ha,e))return(c=null!==S(a,b)||U(a,g))?\"true\":null;try{var x=U(a,g)}catch(ia){}(e=null==x)||(e=typeof x,e=\"object\"==e&&null!=x||\"function\"==e);e?c=S(a,b):c=x;return null!=c?c.toString():null}var X=[\"_\"],Y=d;X[0]in Y||\"undefined\"==typeof Y.execScript||Y.execScript(\"var \"+X[0]);for(var Z;X.length&&(Z=X.shift());)X.length||void 0===W?Y[Z]&&Y[Z]!==Object.prototype[Z]?Y=Y[Z]:Y=Y[Z]={}:Y[Z]=W;; return this._.apply(null,arguments);}).apply({navigator:typeof window!='undefined'?window.navigator:null,document:typeof window!='undefined'?window.document:null}, arguments);}\n).apply(null, arguments);"
}
[1734970950.203][INFO]: Waiting for pending navigations...
[1734970950.203][INFO]: Done waiting for pending navigations. Status: ok
[1734970950.207][INFO]: Waiting for pending navigations...
[1734970950.207][INFO]: Done waiting for pending navigations. Status: ok
[1734970950.207][INFO]: [2b0a3ce7f52815e1ac5ee1fd0e427e4a] RESPONSE ExecuteScript "true"
[1734970951.219][INFO]: [2b0a3ce7f52815e1ac5ee1fd0e427e4a] COMMAND FindElement {
   "using": "xpath",
   "value": "//label[.//span[contains(text(), 'TestNG')]]//div[@role='checkbox']"
}
[1734970951.220][INFO]: Waiting for pending navigations...
[1734970951.221][INFO]: Done waiting for pending navigations. Status: ok
[1734970951.234][INFO]: Waiting for pending navigations...
[1734970951.235][INFO]: Done waiting for pending navigations. Status: ok
[1734970951.235][INFO]: [2b0a3ce7f52815e1ac5ee1fd0e427e4a] RESPONSE FindElement {
   "element-6066-11e4-a52e-4f735466cecf": "f.D96B5D8761ABAAD0E316102D4E84BE3B.d.AA1D05DE799CFDFE94738BD7421545D7.e.29"
}
[1734970951.256][INFO]: [2b0a3ce7f52815e1ac5ee1fd0e427e4a] COMMAND ExecuteScript {
   "args": [ {
      "element-6066-11e4-a52e-4f735466cecf": "f.D96B5D8761ABAAD0E316102D4E84BE3B.d.AA1D05DE799CFDFE94738BD7421545D7.e.29"
   }, "aria-checked" ],
   "script": "/* getAttribute */return (function(){return (function(){var d=this||self;function f(a,b){function c(){}c.prototype=b.prototype;a.prototype=new c;a.prototype.constructor=a};var h=Array.prototype.indexOf?function(a,b){return Array.prototype.indexOf.call(a,b,void 0)}:function(a,b){if(\"string\"===typeof a)return\"string\"!==typeof b||1!=b.length?-1:a.indexOf(b,0);for(var c=0;c\u003Ca.length;c++)if(c in a&&a[c]===b)return c;return-1},k=Array.prototype.forEach?function(a,b){Array.prototype.forEach.call(a,b,void 0)}:function(a,b){for(var c=a.length,e=\"string\"===typeof a?a.split(\"\"):a,g=0;g\u003Cc;g++)g in e&&b.call(void 0,e[g],g,a)};function l(a,b){this.code=a;this.a=m[a]||n;this.message=b||\"\";a=this.a.replace(/((?:^|\\s+)[a-z])/g,function(c){return c.toUpperCase().replace(/^[\\s\\xa0]+/g,\"\")});b=a.length-5;if(0>b||a.indexOf(\"Error\",b)!=b)a+=\"Error\";this.name=a;a=Error(this.message);a.name=this.name;this.stack=a.stack||\"\"}f(l,Error);var n=\"unknown error\",m={15:\"element not selectable\",11:\"element not visible\"};m[31]=n;m[30]=n;m[24]=\"invalid cookie domain\";m[29]=\"invalid element coordinates\";m[12]=\"invalid element state\";m[32]=\"invalid selector\";\nm[51]=\"invalid selector\";m[52]=\"invalid selector\";m[17]=\"javascript error\";m[405]=\"unsupported operation\";m[34]=\"move target out of bounds\";m[27]=\"no such alert\";m[7]=\"no such element\";m[8]=\"no such frame\";m[23]=\"no such window\";m[28]=\"script timeout\";m[33]=\"session not created\";m[10]=\"stale element reference\";m[21]=\"timeout\";m[25]=\"unable to set cookie\";m[26]=\"unexpected alert open\";m[13]=n;m[9]=\"unknown command\";var p;a:{var q=d.navigator;if(q){var r=q.userAgent;if(r){p=r;break a}}p=\"\"}function t(a){return-1!=p.indexOf(a)};function u(){return t(\"Firefox\")||t(\"FxiOS\")}function v(){return(t(\"Chrome\")||t(\"CriOS\"))&&!t(\"Edge\")};function w(){return t(\"iPhone\")&&!t(\"iPod\")&&!t(\"iPad\")};var y=t(\"Opera\"),z=t(\"Trident\")||t(\"MSIE\"),A=t(\"Edge\"),B=t(\"Gecko\")&&!(-1!=p.toLowerCase().indexOf(\"webkit\")&&!t(\"Edge\"))&&!(t(\"Trident\")||t(\"MSIE\"))&&!t(\"Edge\"),C=-1!=p.toLowerCase().indexOf(\"webkit\")&&!t(\"Edge\");function D(){var a=d.document;return a?a.documentMode:void 0}var E;\na:{var F=\"\",G=function(){var a=p;if(B)return/rv:([^\\);]+)(\\)|;)/.exec(a);if(A)return/Edge\\/([\\d\\.]+)/.exec(a);if(z)return/\\b(?:MSIE|rv)[: ]([^\\);]+)(\\)|;)/.exec(a);if(C)return/WebKit\\/(\\S+)/.exec(a);if(y)return/(?:Version)[ \\/]?(\\S+)/.exec(a)}();G&&(F=G?G[1]:\"\");if(z){var H=D();if(null!=H&&H>parseFloat(F)){E=String(H);break a}}E=F}var I;I=d.document&&z?D():void 0;var J=u(),K=w()||t(\"iPod\"),L=t(\"iPad\"),M=t(\"Android\")&&!(v()||u()||t(\"Opera\")||t(\"Silk\")),N=v(),aa=t(\"Safari\")&&!(v()||t(\"Coast\")||t(\"Opera\")||t(\"Edge\")||t(\"Edg/\")||t(\"OPR\")||u()||t(\"Silk\")||t(\"Android\"))&&!(w()||t(\"iPad\")||t(\"iPod\"));function O(a){return(a=a.exec(p))?a[1]:\"\"}(function(){if(J)return O(/Firefox\\/([0-9.]+)/);if(z||A||y)return E;if(N)return w()||t(\"iPad\")||t(\"iPod\")?O(/CriOS\\/([0-9.]+)/):O(/Chrome\\/([0-9.]+)/);if(aa&&!(w()||t(\"iPad\")||t(\"iPod\")))return O(/Version\\/([0-9.]+)/);if(K||L){var a=/Version\\/(\\S+).*Mobile\\/(\\S+)/.exec(p);if(a)return a[1]+\".\"+a[2]}else if(M)return(a=O(/Android\\s+([0-9.]+)/))?a:O(/Version\\/([0-9.]+)/);return\"\"})();var P=z&&!(8\u003C=Number(I)),ba=z&&!(9\u003C=Number(I));var ca={SCRIPT:1,STYLE:1,HEAD:1,IFRAME:1,OBJECT:1},Q={IMG:\" \",BR:\"\\n\"};function R(a,b,c){if(!(a.nodeName in ca))if(3==a.nodeType)c?b.push(String(a.nodeValue).replace(/(\\r\\n|\\r|\\n)/g,\"\")):b.push(a.nodeValue);else if(a.nodeName in Q)b.push(Q[a.nodeName]);else for(a=a.firstChild;a;)R(a,b,c),a=a.nextSibling};function S(a,b){b=b.toLowerCase();return\"style\"==b?da(a.style.cssText):P&&\"value\"==b&&T(a,\"INPUT\")?a.value:ba&&!0===a[b]?String(a.getAttribute(b)):(a=a.getAttributeNode(b))&&a.specified?a.value:null}var ea=/[;]+(?=(?:(?:[^\"]*\"){2})*[^\"]*$)(?=(?:(?:[^']*'){2})*[^']*$)(?=(?:[^()]*\\([^()]*\\))*[^()]*$)/;\nfunction da(a){var b=[];k(a.split(ea),function(c){var e=c.indexOf(\":\");0\u003Ce&&(c=[c.slice(0,e),c.slice(e+1)],2==c.length&&b.push(c[0].toLowerCase(),\":\",c[1],\";\"))});b=b.join(\"\");return b=\";\"==b.charAt(b.length-1)?b:b+\";\"}function U(a,b){P&&\"value\"==b&&T(a,\"OPTION\")&&null===S(a,\"value\")?(b=[],R(a,b,!1),a=b.join(\"\")):a=a[b];return a}\nfunction T(a,b){b&&\"string\"!==typeof b&&(b=b.toString());return a instanceof HTMLFormElement?!!a&&1==a.nodeType&&(!b||\"FORM\"==b):!!a&&1==a.nodeType&&(!b||a.tagName.toUpperCase()==b)}function V(a){return T(a,\"OPTION\")?!0:T(a,\"INPUT\")?(a=a.type.toLowerCase(),\"checkbox\"==a||\"radio\"==a):!1};var fa={\"class\":\"className\",readonly:\"readOnly\"},ha=\"allowfullscreen allowpaymentrequest allowusermedia async autofocus autoplay checked compact complete controls declare default defaultchecked defaultselected defer disabled ended formnovalidate hidden indeterminate iscontenteditable ismap itemscope loop multiple muted nohref nomodule noresize noshade novalidate nowrap open paused playsinline pubdate readonly required reversed scoped seamless seeking selected truespeed typemustmatch willvalidate\".split(\" \");function W(a,b){var c=null,e=b.toLowerCase();if(\"style\"==e)return(c=a.style)&&\"string\"!=typeof c&&(c=c.cssText),c;if((\"selected\"==e||\"checked\"==e)&&V(a)){if(!V(a))throw new l(15,\"Element is not selectable\");b=\"selected\";c=a.type&&a.type.toLowerCase();if(\"checkbox\"==c||\"radio\"==c)b=\"checked\";return U(a,b)?\"true\":null}var g=T(a,\"A\");if(T(a,\"IMG\")&&\"src\"==e||g&&\"href\"==e)return(c=S(a,e))&&(c=U(a,e)),c;if(\"spellcheck\"==e){c=S(a,e);if(null!==c){if(\"false\"==c.toLowerCase())return\"false\";if(\"true\"==c.toLowerCase())return\"true\"}return U(a,\ne)+\"\"}g=fa[b]||b;if(0\u003C=h(ha,e))return(c=null!==S(a,b)||U(a,g))?\"true\":null;try{var x=U(a,g)}catch(ia){}(e=null==x)||(e=typeof x,e=\"object\"==e&&null!=x||\"function\"==e);e?c=S(a,b):c=x;return null!=c?c.toString():null}var X=[\"_\"],Y=d;X[0]in Y||\"undefined\"==typeof Y.execScript||Y.execScript(\"var \"+X[0]);for(var Z;X.length&&(Z=X.shift());)X.length||void 0===W?Y[Z]&&Y[Z]!==Object.prototype[Z]?Y=Y[Z]:Y=Y[Z]={}:Y[Z]=W;; return this._.apply(null,arguments);}).apply({navigator:typeof window!='undefined'?window.navigator:null,document:typeof window!='undefined'?window.document:null}, arguments);}\n).apply(null, arguments);"
}
[1734970951.256][INFO]: Waiting for pending navigations...
[1734970951.258][INFO]: Done waiting for pending navigations. Status: ok
[1734970951.263][INFO]: Waiting for pending navigations...
[1734970951.263][INFO]: Done waiting for pending navigations. Status: ok
[1734970951.263][INFO]: [2b0a3ce7f52815e1ac5ee1fd0e427e4a] RESPONSE ExecuteScript "false"
[1734970951.268][INFO]: [2b0a3ce7f52815e1ac5ee1fd0e427e4a] COMMAND ClickElement {
   "id": "f.D96B5D8761ABAAD0E316102D4E84BE3B.d.AA1D05DE799CFDFE94738BD7421545D7.e.29"
}
[1734970951.269][INFO]: Waiting for pending navigations...
[1734970951.270][INFO]: Done waiting for pending navigations. Status: ok
[1734970951.316][INFO]: Waiting for pending navigations...
[1734970951.318][INFO]: Done waiting for pending navigations. Status: ok
[1734970951.318][INFO]: [2b0a3ce7f52815e1ac5ee1fd0e427e4a] RESPONSE ClickElement
[1734970953.347][INFO]: [2b0a3ce7f52815e1ac5ee1fd0e427e4a] COMMAND FindElement {
   "using": "xpath",
   "value": "//div[@role='listbox' and @jsname='W85ice']"
}
[1734970953.347][INFO]: Waiting for pending navigations...
[1734970953.350][INFO]: Done waiting for pending navigations. Status: ok
[1734970953.367][INFO]: Waiting for pending navigations...
[1734970953.368][INFO]: Done waiting for pending navigations. Status: ok
[1734970953.368][INFO]: [2b0a3ce7f52815e1ac5ee1fd0e427e4a] RESPONSE FindElement {
   "element-6066-11e4-a52e-4f735466cecf": "f.D96B5D8761ABAAD0E316102D4E84BE3B.d.AA1D05DE799CFDFE94738BD7421545D7.e.30"
}
[1734970953.373][INFO]: [2b0a3ce7f52815e1ac5ee1fd0e427e4a] COMMAND ClickElement {
   "id": "f.D96B5D8761ABAAD0E316102D4E84BE3B.d.AA1D05DE799CFDFE94738BD7421545D7.e.30"
}
[1734970953.373][INFO]: Waiting for pending navigations...
[1734970953.374][INFO]: Done waiting for pending navigations. Status: ok
[1734970953.414][INFO]: Waiting for pending navigations...
[1734970953.415][INFO]: Done waiting for pending navigations. Status: ok
[1734970953.415][INFO]: [2b0a3ce7f52815e1ac5ee1fd0e427e4a] RESPONSE ClickElement
[1734970954.425][INFO]: [2b0a3ce7f52815e1ac5ee1fd0e427e4a] COMMAND FindElement {
   "using": "xpath",
   "value": "//*[@id=\"mG61Hd\"]/div[2]/div/div[2]/div[5]/div/div/div[2]/div/div[2]/div[3]"
}
[1734970954.425][INFO]: Waiting for pending navigations...
[1734970954.426][INFO]: Done waiting for pending navigations. Status: ok
[1734970954.433][INFO]: Waiting for pending navigations...
[1734970954.433][INFO]: Done waiting for pending navigations. Status: ok
[1734970954.433][INFO]: [2b0a3ce7f52815e1ac5ee1fd0e427e4a] RESPONSE FindElement {
   "element-6066-11e4-a52e-4f735466cecf": "f.D96B5D8761ABAAD0E316102D4E84BE3B.d.AA1D05DE799CFDFE94738BD7421545D7.e.32"
}
[1734970954.437][INFO]: [2b0a3ce7f52815e1ac5ee1fd0e427e4a] COMMAND ClickElement {
   "id": "f.D96B5D8761ABAAD0E316102D4E84BE3B.d.AA1D05DE799CFDFE94738BD7421545D7.e.32"
}
[1734970954.437][INFO]: Waiting for pending navigations...
[1734970954.438][INFO]: Done waiting for pending navigations. Status: ok
[1734970954.488][INFO]: Waiting for pending navigations...
[1734970954.491][INFO]: Done waiting for pending navigations. Status: ok
[1734970954.491][INFO]: [2b0a3ce7f52815e1ac5ee1fd0e427e4a] RESPONSE ClickElement
[1734970955.528][INFO]: [2b0a3ce7f52815e1ac5ee1fd0e427e4a] COMMAND FindElement {
   "using": "xpath",
   "value": "//input[@type='date']"
}
[1734970955.528][INFO]: Waiting for pending navigations...
[1734970955.561][INFO]: Done waiting for pending navigations. Status: ok
[1734970955.585][INFO]: Waiting for pending navigations...
[1734970955.586][INFO]: Done waiting for pending navigations. Status: ok
[1734970955.586][INFO]: [2b0a3ce7f52815e1ac5ee1fd0e427e4a] RESPONSE FindElement {
   "element-6066-11e4-a52e-4f735466cecf": "f.D96B5D8761ABAAD0E316102D4E84BE3B.d.AA1D05DE799CFDFE94738BD7421545D7.e.38"
}
[1734970955.592][INFO]: [2b0a3ce7f52815e1ac5ee1fd0e427e4a] COMMAND TypeElement {
   "id": "f.D96B5D8761ABAAD0E316102D4E84BE3B.d.AA1D05DE799CFDFE94738BD7421545D7.e.38",
   "text": "12/16/2024",
   "value": [ "1", "2", "/", "1", "6", "/", "2", "0", "2", "4" ]
}
[1734970955.592][INFO]: Waiting for pending navigations...
[1734970955.594][INFO]: Done waiting for pending navigations. Status: ok
[1734970955.642][INFO]: Waiting for pending navigations...
[1734970955.644][INFO]: Done waiting for pending navigations. Status: ok
[1734970955.644][INFO]: [2b0a3ce7f52815e1ac5ee1fd0e427e4a] RESPONSE TypeElement
[1734970956.722][INFO]: [2b0a3ce7f52815e1ac5ee1fd0e427e4a] COMMAND FindElement {
   "using": "xpath",
   "value": "//input[@aria-label='Hour']"
}
[1734970956.722][INFO]: Waiting for pending navigations...
[1734970956.725][INFO]: Done waiting for pending navigations. Status: ok
[1734970956.756][INFO]: Waiting for pending navigations...
[1734970956.759][INFO]: Done waiting for pending navigations. Status: ok
[1734970956.759][INFO]: [2b0a3ce7f52815e1ac5ee1fd0e427e4a] RESPONSE FindElement {
   "element-6066-11e4-a52e-4f735466cecf": "f.D96B5D8761ABAAD0E316102D4E84BE3B.d.AA1D05DE799CFDFE94738BD7421545D7.e.7"
}
[1734970956.764][INFO]: [2b0a3ce7f52815e1ac5ee1fd0e427e4a] COMMAND ClearElement {
   "id": "f.D96B5D8761ABAAD0E316102D4E84BE3B.d.AA1D05DE799CFDFE94738BD7421545D7.e.7"
}
[1734970956.764][INFO]: Waiting for pending navigations...
[1734970956.765][INFO]: Done waiting for pending navigations. Status: ok
[1734970956.786][INFO]: 
	=== NOTE: ===
	The Clear command in ChromeDriver 2.43 and above
	has been updated to conform to the current standard,
	including raising blur event after clearing.

[1734970956.795][INFO]: Waiting for pending navigations...
[1734970956.795][INFO]: Done waiting for pending navigations. Status: ok
[1734970956.795][INFO]: [2b0a3ce7f52815e1ac5ee1fd0e427e4a] RESPONSE ClearElement
[1734970956.804][INFO]: [2b0a3ce7f52815e1ac5ee1fd0e427e4a] COMMAND TypeElement {
   "id": "f.D96B5D8761ABAAD0E316102D4E84BE3B.d.AA1D05DE799CFDFE94738BD7421545D7.e.7",
   "text": "07",
   "value": [ "0", "7" ]
}
[1734970956.804][INFO]: Waiting for pending navigations...
[1734970956.805][INFO]: Done waiting for pending navigations. Status: ok
[1734970956.860][INFO]: Waiting for pending navigations...
[1734970956.862][INFO]: Done waiting for pending navigations. Status: ok
[1734970956.862][INFO]: [2b0a3ce7f52815e1ac5ee1fd0e427e4a] RESPONSE TypeElement
[1734970956.864][INFO]: [2b0a3ce7f52815e1ac5ee1fd0e427e4a] COMMAND FindElement {
   "using": "xpath",
   "value": "//input[@aria-label='Minute']"
}
[1734970956.865][INFO]: Waiting for pending navigations...
[1734970956.865][INFO]: Done waiting for pending navigations. Status: ok
[1734970956.873][INFO]: Waiting for pending navigations...
[1734970956.874][INFO]: Done waiting for pending navigations. Status: ok
[1734970956.874][INFO]: [2b0a3ce7f52815e1ac5ee1fd0e427e4a] RESPONSE FindElement {
   "element-6066-11e4-a52e-4f735466cecf": "f.D96B5D8761ABAAD0E316102D4E84BE3B.d.AA1D05DE799CFDFE94738BD7421545D7.e.8"
}
[1734970956.877][INFO]: [2b0a3ce7f52815e1ac5ee1fd0e427e4a] COMMAND ClearElement {
   "id": "f.D96B5D8761ABAAD0E316102D4E84BE3B.d.AA1D05DE799CFDFE94738BD7421545D7.e.8"
}
[1734970956.877][INFO]: Waiting for pending navigations...
[1734970956.878][INFO]: Done waiting for pending navigations. Status: ok
[1734970956.901][INFO]: Waiting for pending navigations...
[1734970956.902][INFO]: Done waiting for pending navigations. Status: ok
[1734970956.902][INFO]: [2b0a3ce7f52815e1ac5ee1fd0e427e4a] RESPONSE ClearElement
[1734970956.905][INFO]: [2b0a3ce7f52815e1ac5ee1fd0e427e4a] COMMAND TypeElement {
   "id": "f.D96B5D8761ABAAD0E316102D4E84BE3B.d.AA1D05DE799CFDFE94738BD7421545D7.e.8",
   "text": "30",
   "value": [ "3", "0" ]
}
[1734970956.905][INFO]: Waiting for pending navigations...
[1734970956.906][INFO]: Done waiting for pending navigations. Status: ok
[1734970956.952][INFO]: Waiting for pending navigations...
[1734970956.956][INFO]: Done waiting for pending navigations. Status: ok
[1734970956.956][INFO]: [2b0a3ce7f52815e1ac5ee1fd0e427e4a] RESPONSE TypeElement
[1734970957.975][INFO]: [2b0a3ce7f52815e1ac5ee1fd0e427e4a] COMMAND FindElement {
   "using": "xpath",
   "value": "//span[text()='Submit']"
}
[1734970957.975][INFO]: Waiting for pending navigations...
[1734970957.977][INFO]: Done waiting for pending navigations. Status: ok
[1734970957.991][INFO]: Waiting for pending navigations...
[1734970957.992][INFO]: Done waiting for pending navigations. Status: ok
[1734970957.992][INFO]: [2b0a3ce7f52815e1ac5ee1fd0e427e4a] RESPONSE FindElement {
   "element-6066-11e4-a52e-4f735466cecf": "f.D96B5D8761ABAAD0E316102D4E84BE3B.d.AA1D05DE799CFDFE94738BD7421545D7.e.46"
}
[1734970957.995][INFO]: [2b0a3ce7f52815e1ac5ee1fd0e427e4a] COMMAND ClickElement {
   "id": "f.D96B5D8761ABAAD0E316102D4E84BE3B.d.AA1D05DE799CFDFE94738BD7421545D7.e.46"
}
[1734970957.995][INFO]: Waiting for pending navigations...
[1734970957.997][INFO]: Done waiting for pending navigations. Status: ok
[1734970958.037][INFO]: Waiting for pending navigations...
[1734970958.698][INFO]: Done waiting for pending navigations. Status: ok
[1734970958.698][INFO]: [2b0a3ce7f52815e1ac5ee1fd0e427e4a] RESPONSE ClickElement
[1734970963.721][INFO]: [2b0a3ce7f52815e1ac5ee1fd0e427e4a] COMMAND FindElement {
   "using": "xpath",
   "value": "//div[text()='Thanks for your response, Automation Wizard! Submit another response.']"
}
[1734970963.721][INFO]: Waiting for pending navigations...
[1734970963.722][INFO]: Done waiting for pending navigations. Status: ok
[1734970963.728][INFO]: Waiting for pending navigations...
[1734970963.728][INFO]: Done waiting for pending navigations. Status: ok
[1734970963.728][INFO]: [2b0a3ce7f52815e1ac5ee1fd0e427e4a] RESPONSE FindElement ERROR no such element: Unable to locate element: {"method":"xpath","selector":"//div[text()='Thanks for your response, Automation Wizard! Submit another response.']"}
  (Session info: chrome=131.0.6778.205)
[1734970964.243][INFO]: [2b0a3ce7f52815e1ac5ee1fd0e427e4a] COMMAND FindElement {
   "using": "xpath",
   "value": "//div[text()='Thanks for your response, Automation Wizard! Submit another response.']"
}
[1734970964.244][INFO]: Waiting for pending navigations...
[1734970964.245][INFO]: Done waiting for pending navigations. Status: ok
[1734970964.251][INFO]: Waiting for pending navigations...
[1734970964.252][INFO]: Done waiting for pending navigations. Status: ok
[1734970964.252][INFO]: [2b0a3ce7f52815e1ac5ee1fd0e427e4a] RESPONSE FindElement ERROR no such element: Unable to locate element: {"method":"xpath","selector":"//div[text()='Thanks for your response, Automation Wizard! Submit another response.']"}
  (Session info: chrome=131.0.6778.205)
[1734970964.773][INFO]: [2b0a3ce7f52815e1ac5ee1fd0e427e4a] COMMAND FindElement {
   "using": "xpath",
   "value": "//div[text()='Thanks for your response, Automation Wizard! Submit another response.']"
}
[1734970964.773][INFO]: Waiting for pending navigations...
[1734970964.774][INFO]: Done waiting for pending navigations. Status: ok
[1734970964.780][INFO]: Waiting for pending navigations...
[1734970964.781][INFO]: Done waiting for pending navigations. Status: ok
[1734970964.781][INFO]: [2b0a3ce7f52815e1ac5ee1fd0e427e4a] RESPONSE FindElement ERROR no such element: Unable to locate element: {"method":"xpath","selector":"//div[text()='Thanks for your response, Automation Wizard! Submit another response.']"}
  (Session info: chrome=131.0.6778.205)
[1734970965.306][INFO]: [2b0a3ce7f52815e1ac5ee1fd0e427e4a] COMMAND FindElement {
   "using": "xpath",
   "value": "//div[text()='Thanks for your response, Automation Wizard! Submit another response.']"
}
[1734970965.306][INFO]: Waiting for pending navigations...
[1734970965.307][INFO]: Done waiting for pending navigations. Status: ok
[1734970965.316][INFO]: Waiting for pending navigations...
[1734970965.318][INFO]: Done waiting for pending navigations. Status: ok
[1734970965.318][INFO]: [2b0a3ce7f52815e1ac5ee1fd0e427e4a] RESPONSE FindElement ERROR no such element: Unable to locate element: {"method":"xpath","selector":"//div[text()='Thanks for your response, Automation Wizard! Submit another response.']"}
  (Session info: chrome=131.0.6778.205)
[1734970965.832][INFO]: [2b0a3ce7f52815e1ac5ee1fd0e427e4a] COMMAND FindElement {
   "using": "xpath",
   "value": "//div[text()='Thanks for your response, Automation Wizard! Submit another response.']"
}
[1734970965.832][INFO]: Waiting for pending navigations...
[1734970965.833][INFO]: Done waiting for pending navigations. Status: ok
[1734970965.845][INFO]: Waiting for pending navigations...
[1734970965.846][INFO]: Done waiting for pending navigations. Status: ok
[1734970965.846][INFO]: [2b0a3ce7f52815e1ac5ee1fd0e427e4a] RESPONSE FindElement ERROR no such element: Unable to locate element: {"method":"xpath","selector":"//div[text()='Thanks for your response, Automation Wizard! Submit another response.']"}
  (Session info: chrome=131.0.6778.205)
[1734970966.363][INFO]: [2b0a3ce7f52815e1ac5ee1fd0e427e4a] COMMAND FindElement {
   "using": "xpath",
   "value": "//div[text()='Thanks for your response, Automation Wizard! Submit another response.']"
}
[1734970966.363][INFO]: Waiting for pending navigations...
[1734970966.365][INFO]: Done waiting for pending navigations. Status: ok
[1734970966.377][INFO]: Waiting for pending navigations...
[1734970966.378][INFO]: Done waiting for pending navigations. Status: ok
[1734970966.378][INFO]: [2b0a3ce7f52815e1ac5ee1fd0e427e4a] RESPONSE FindElement ERROR no such element: Unable to locate element: {"method":"xpath","selector":"//div[text()='Thanks for your response, Automation Wizard! Submit another response.']"}
  (Session info: chrome=131.0.6778.205)
[1734970966.892][INFO]: [2b0a3ce7f52815e1ac5ee1fd0e427e4a] COMMAND FindElement {
   "using": "xpath",
   "value": "//div[text()='Thanks for your response, Automation Wizard! Submit another response.']"
}
[1734970966.892][INFO]: Waiting for pending navigations...
[1734970966.894][INFO]: Done waiting for pending navigations. Status: ok
[1734970966.902][INFO]: Waiting for pending navigations...
[1734970966.902][INFO]: Done waiting for pending navigations. Status: ok
[1734970966.902][INFO]: [2b0a3ce7f52815e1ac5ee1fd0e427e4a] RESPONSE FindElement ERROR no such element: Unable to locate element: {"method":"xpath","selector":"//div[text()='Thanks for your response, Automation Wizard! Submit another response.']"}
  (Session info: chrome=131.0.6778.205)
[1734970967.424][INFO]: [2b0a3ce7f52815e1ac5ee1fd0e427e4a] COMMAND FindElement {
   "using": "xpath",
   "value": "//div[text()='Thanks for your response, Automation Wizard! Submit another response.']"
}
[1734970967.424][INFO]: Waiting for pending navigations...
[1734970967.425][INFO]: Done waiting for pending navigations. Status: ok
[1734970967.432][INFO]: Waiting for pending navigations...
[1734970967.432][INFO]: Done waiting for pending navigations. Status: ok
[1734970967.432][INFO]: [2b0a3ce7f52815e1ac5ee1fd0e427e4a] RESPONSE FindElement ERROR no such element: Unable to locate element: {"method":"xpath","selector":"//div[text()='Thanks for your response, Automation Wizard! Submit another response.']"}
  (Session info: chrome=131.0.6778.205)
[1734970967.952][INFO]: [2b0a3ce7f52815e1ac5ee1fd0e427e4a] COMMAND FindElement {
   "using": "xpath",
   "value": "//div[text()='Thanks for your response, Automation Wizard! Submit another response.']"
}
[1734970967.952][INFO]: Waiting for pending navigations...
[1734970967.954][INFO]: Done waiting for pending navigations. Status: ok
[1734970967.964][INFO]: Waiting for pending navigations...
[1734970967.965][INFO]: Done waiting for pending navigations. Status: ok
[1734970967.965][INFO]: [2b0a3ce7f52815e1ac5ee1fd0e427e4a] RESPONSE FindElement ERROR no such element: Unable to locate element: {"method":"xpath","selector":"//div[text()='Thanks for your response, Automation Wizard! Submit another response.']"}
  (Session info: chrome=131.0.6778.205)
[1734970968.491][INFO]: [2b0a3ce7f52815e1ac5ee1fd0e427e4a] COMMAND FindElement {
   "using": "xpath",
   "value": "//div[text()='Thanks for your response, Automation Wizard! Submit another response.']"
}
[1734970968.491][INFO]: Waiting for pending navigations...
[1734970968.493][INFO]: Done waiting for pending navigations. Status: ok
[1734970968.502][INFO]: Waiting for pending navigations...
[1734970968.503][INFO]: Done waiting for pending navigations. Status: ok
[1734970968.503][INFO]: [2b0a3ce7f52815e1ac5ee1fd0e427e4a] RESPONSE FindElement ERROR no such element: Unable to locate element: {"method":"xpath","selector":"//div[text()='Thanks for your response, Automation Wizard! Submit another response.']"}
  (Session info: chrome=131.0.6778.205)
[1734970969.023][INFO]: [2b0a3ce7f52815e1ac5ee1fd0e427e4a] COMMAND FindElement {
   "using": "xpath",
   "value": "//div[text()='Thanks for your response, Automation Wizard! Submit another response.']"
}
[1734970969.024][INFO]: Waiting for pending navigations...
[1734970969.025][INFO]: Done waiting for pending navigations. Status: ok
[1734970969.033][INFO]: Waiting for pending navigations...
[1734970969.036][INFO]: Done waiting for pending navigations. Status: ok
[1734970969.036][INFO]: [2b0a3ce7f52815e1ac5ee1fd0e427e4a] RESPONSE FindElement ERROR no such element: Unable to locate element: {"method":"xpath","selector":"//div[text()='Thanks for your response, Automation Wizard! Submit another response.']"}
  (Session info: chrome=131.0.6778.205)
[1734970969.553][INFO]: [2b0a3ce7f52815e1ac5ee1fd0e427e4a] COMMAND FindElement {
   "using": "xpath",
   "value": "//div[text()='Thanks for your response, Automation Wizard! Submit another response.']"
}
[1734970969.553][INFO]: Waiting for pending navigations...
[1734970969.554][INFO]: Done waiting for pending navigations. Status: ok
[1734970969.561][INFO]: Waiting for pending navigations...
[1734970969.561][INFO]: Done waiting for pending navigations. Status: ok
[1734970969.561][INFO]: [2b0a3ce7f52815e1ac5ee1fd0e427e4a] RESPONSE FindElement ERROR no such element: Unable to locate element: {"method":"xpath","selector":"//div[text()='Thanks for your response, Automation Wizard! Submit another response.']"}
  (Session info: chrome=131.0.6778.205)
[1734970970.082][INFO]: [2b0a3ce7f52815e1ac5ee1fd0e427e4a] COMMAND FindElement {
   "using": "xpath",
   "value": "//div[text()='Thanks for your response, Automation Wizard! Submit another response.']"
}
[1734970970.082][INFO]: Waiting for pending navigations...
[1734970970.084][INFO]: Done waiting for pending navigations. Status: ok
[1734970970.096][INFO]: Waiting for pending navigations...
[1734970970.097][INFO]: Done waiting for pending navigations. Status: ok
[1734970970.097][INFO]: [2b0a3ce7f52815e1ac5ee1fd0e427e4a] RESPONSE FindElement ERROR no such element: Unable to locate element: {"method":"xpath","selector":"//div[text()='Thanks for your response, Automation Wizard! Submit another response.']"}
  (Session info: chrome=131.0.6778.205)
[1734970970.608][INFO]: [2b0a3ce7f52815e1ac5ee1fd0e427e4a] COMMAND FindElement {
   "using": "xpath",
   "value": "//div[text()='Thanks for your response, Automation Wizard! Submit another response.']"
}
[1734970970.608][INFO]: Waiting for pending navigations...
[1734970970.610][INFO]: Done waiting for pending navigations. Status: ok
[1734970970.622][INFO]: Waiting for pending navigations...
[1734970970.623][INFO]: Done waiting for pending navigations. Status: ok
[1734970970.623][INFO]: [2b0a3ce7f52815e1ac5ee1fd0e427e4a] RESPONSE FindElement ERROR no such element: Unable to locate element: {"method":"xpath","selector":"//div[text()='Thanks for your response, Automation Wizard! Submit another response.']"}
  (Session info: chrome=131.0.6778.205)
[1734970971.140][INFO]: [2b0a3ce7f52815e1ac5ee1fd0e427e4a] COMMAND FindElement {
   "using": "xpath",
   "value": "//div[text()='Thanks for your response, Automation Wizard! Submit another response.']"
}
[1734970971.140][INFO]: Waiting for pending navigations...
[1734970971.142][INFO]: Done waiting for pending navigations. Status: ok
[1734970971.150][INFO]: Waiting for pending navigations...
[1734970971.151][INFO]: Done waiting for pending navigations. Status: ok
[1734970971.151][INFO]: [2b0a3ce7f52815e1ac5ee1fd0e427e4a] RESPONSE FindElement ERROR no such element: Unable to locate element: {"method":"xpath","selector":"//div[text()='Thanks for your response, Automation Wizard! Submit another response.']"}
  (Session info: chrome=131.0.6778.205)
[1734970971.674][INFO]: [2b0a3ce7f52815e1ac5ee1fd0e427e4a] COMMAND FindElement {
   "using": "xpath",
   "value": "//div[text()='Thanks for your response, Automation Wizard! Submit another response.']"
}
[1734970971.674][INFO]: Waiting for pending navigations...
[1734970971.676][INFO]: Done waiting for pending navigations. Status: ok
[1734970971.684][INFO]: Waiting for pending navigations...
[1734970971.684][INFO]: Done waiting for pending navigations. Status: ok
[1734970971.684][INFO]: [2b0a3ce7f52815e1ac5ee1fd0e427e4a] RESPONSE FindElement ERROR no such element: Unable to locate element: {"method":"xpath","selector":"//div[text()='Thanks for your response, Automation Wizard! Submit another response.']"}
  (Session info: chrome=131.0.6778.205)
[1734970972.200][INFO]: [2b0a3ce7f52815e1ac5ee1fd0e427e4a] COMMAND FindElement {
   "using": "xpath",
   "value": "//div[text()='Thanks for your response, Automation Wizard! Submit another response.']"
}
[1734970972.200][INFO]: Waiting for pending navigations...
[1734970972.203][INFO]: Done waiting for pending navigations. Status: ok
[1734970972.212][INFO]: Waiting for pending navigations...
[1734970972.212][INFO]: Done waiting for pending navigations. Status: ok
[1734970972.212][INFO]: [2b0a3ce7f52815e1ac5ee1fd0e427e4a] RESPONSE FindElement ERROR no such element: Unable to locate element: {"method":"xpath","selector":"//div[text()='Thanks for your response, Automation Wizard! Submit another response.']"}
  (Session info: chrome=131.0.6778.205)
[1734970972.724][INFO]: [2b0a3ce7f52815e1ac5ee1fd0e427e4a] COMMAND FindElement {
   "using": "xpath",
   "value": "//div[text()='Thanks for your response, Automation Wizard! Submit another response.']"
}
[1734970972.724][INFO]: Waiting for pending navigations...
[1734970972.725][INFO]: Done waiting for pending navigations. Status: ok
[1734970972.735][INFO]: Waiting for pending navigations...
[1734970972.735][INFO]: Done waiting for pending navigations. Status: ok
[1734970972.735][INFO]: [2b0a3ce7f52815e1ac5ee1fd0e427e4a] RESPONSE FindElement ERROR no such element: Unable to locate element: {"method":"xpath","selector":"//div[text()='Thanks for your response, Automation Wizard! Submit another response.']"}
  (Session info: chrome=131.0.6778.205)
[1734970973.252][INFO]: [2b0a3ce7f52815e1ac5ee1fd0e427e4a] COMMAND FindElement {
   "using": "xpath",
   "value": "//div[text()='Thanks for your response, Automation Wizard! Submit another response.']"
}
[1734970973.252][INFO]: Waiting for pending navigations...
[1734970973.253][INFO]: Done waiting for pending navigations. Status: ok
[1734970973.264][INFO]: Waiting for pending navigations...
[1734970973.265][INFO]: Done waiting for pending navigations. Status: ok
[1734970973.265][INFO]: [2b0a3ce7f52815e1ac5ee1fd0e427e4a] RESPONSE FindElement ERROR no such element: Unable to locate element: {"method":"xpath","selector":"//div[text()='Thanks for your response, Automation Wizard! Submit another response.']"}
  (Session info: chrome=131.0.6778.205)
[1734970973.779][INFO]: [2b0a3ce7f52815e1ac5ee1fd0e427e4a] COMMAND FindElement {
   "using": "xpath",
   "value": "//div[text()='Thanks for your response, Automation Wizard! Submit another response.']"
}
[1734970973.779][INFO]: Waiting for pending navigations...
[1734970973.780][INFO]: Done waiting for pending navigations. Status: ok
[1734970973.787][INFO]: Waiting for pending navigations...
[1734970973.788][INFO]: Done waiting for pending navigations. Status: ok
[1734970973.788][INFO]: [2b0a3ce7f52815e1ac5ee1fd0e427e4a] RESPONSE FindElement ERROR no such element: Unable to locate element: {"method":"xpath","selector":"//div[text()='Thanks for your response, Automation Wizard! Submit another response.']"}
  (Session info: chrome=131.0.6778.205)
[1734970973.802][INFO]: [2b0a3ce7f52815e1ac5ee1fd0e427e4a] COMMAND CloseWindow {
}
[1734970973.899][INFO]: [2b0a3ce7f52815e1ac5ee1fd0e427e4a] RESPONSE CloseWindow [  ]
